<?xml version="1.0" encoding="UTF-8"?>
<!-- Generated by org.testng.reporters.JUnitReportReporter -->
<testsuite skipped="0" hostname="DESKTOP-0M1MH5T" name="com.qa.linkedin.test.SearchDDTest" tests="5" failures="0" timestamp="2020-06-11T08:19:59 IST" time="40.950" errors="0">
  <testcase name="searchPeopleTest" time="11.167" classname="com.qa.linkedin.test.SearchDDTest"/>
  <testcase name="searchPeopleTest" time="7.315" classname="com.qa.linkedin.test.SearchDDTest"/>
  <testcase name="searchPeopleTest" time="7.411" classname="com.qa.linkedin.test.SearchDDTest"/>
  <testcase name="searchPeopleTest" time="7.044" classname="com.qa.linkedin.test.SearchDDTest"/>
  <testcase name="searchPeopleTest" time="8.013" classname="com.qa.linkedin.test.SearchDDTest"/>
</testsuite> <!-- com.qa.linkedin.test.SearchDDTest -->
